[2024-09-27 02:17:33] [INFO]:
Spectator UUID: 9d401cb2-a652-319e-a6d0-6c6b835bb0f7
Spectator Name: WelseyHPS
Taken         : []
Given         : [STEP x 1]
Target        : <WelseyHPS>
[2024-09-27 02:17:33] [INFO]:
Spectator UUID: 9d401cb2-a652-319e-a6d0-6c6b835bb0f7
Spectator Name: WelseyHPS
Taken         : []
Given         : [STEP x 1]
Target        : <WelseyHPS>
[2024-09-27 02:17:33] [INFO]:
Spectator UUID: 9d401cb2-a652-319e-a6d0-6c6b835bb0f7
Spectator Name: WelseyHPS
Taken         : []
Given         : [STEP x 1]
Target        : <WelseyHPS>
[2024-09-27 02:17:33] [INFO]:
Spectator UUID: 9d401cb2-a652-319e-a6d0-6c6b835bb0f7
Spectator Name: WelseyHPS
Taken         : []
Given         : [STEP x 1]
Target        : <WelseyHPS>
[2024-09-27 02:18:22] [INFO]:
Spectator UUID: 9d401cb2-a652-319e-a6d0-6c6b835bb0f7
Spectator Name: WelseyHPS
Taken         : []
Given         : [WOOD x 1]
Target        : WelseyHPS
[2024-09-27 02:18:22] [INFO]:
Spectator UUID: 9d401cb2-a652-319e-a6d0-6c6b835bb0f7
Spectator Name: WelseyHPS
Taken         : []
Given         : [WOOD x 1]
Target        : WelseyHPS
[2024-09-27 02:18:22] [INFO]:
Spectator UUID: 9d401cb2-a652-319e-a6d0-6c6b835bb0f7
Spectator Name: WelseyHPS
Taken         : []
Given         : [WOOD x 1]
Target        : WelseyHPS
[2024-09-27 02:18:22] [INFO]:
Spectator UUID: 9d401cb2-a652-319e-a6d0-6c6b835bb0f7
Spectator Name: WelseyHPS
Taken         : []
Given         : [WOOD x 1]
Target        : WelseyHPS
[2024-09-27 02:18:22] [INFO]:
Spectator UUID: 9d401cb2-a652-319e-a6d0-6c6b835bb0f7
Spectator Name: WelseyHPS
Taken         : []
Given         : [WOOD x 1]
Target        : WelseyHPS
[2024-09-27 02:18:22] [INFO]:
Spectator UUID: 9d401cb2-a652-319e-a6d0-6c6b835bb0f7
Spectator Name: WelseyHPS
Taken         : []
Given         : [WOOD x 1]
Target        : WelseyHPS
[2024-09-27 02:18:22] [INFO]:
Spectator UUID: 9d401cb2-a652-319e-a6d0-6c6b835bb0f7
Spectator Name: WelseyHPS
Taken         : []
Given         : [WOOD x 1]
Target        : WelseyHPS
